<?xml version="1.0" encoding="UTF-8"?>
<testsuite xmlns:xsi="http://www.w3.org/2001/XMLSchema-instance" xsi:noNamespaceSchemaLocation="https://maven.apache.org/surefire/maven-surefire-plugin/xsd/surefire-test-report-3.0.xsd" version="3.0" name="com.pradana.test_rdp.TestRdpApplicationTests" time="8.5" tests="1" errors="0" skipped="0" failures="0">
  <properties>
[...]
</properties>
  <testcase name="testDateFromLong" classname="com.pradana.test_rdp.TestRdpApplicationTests" time="1.933">
    <system-out><![CDATA[19:56:05.859 [main] INFO org.springframework.test.context.support.AnnotationConfigContextLoaderUtils -- Could not detect default configuration classes for test class [com.pradana.test_rdp.TestRdpApplicationTests]: TestRdpApplicationTests does not declare any static, non-private, non-final, nested classes annotated with @Configuration.
19:56:06.207 [main] INFO org.springframework.boot.test.context.SpringBootTestContextBootstrapper -- Found @SpringBootConfiguration com.pradana.test_rdp.TestRdpApplication for test class com.pradana.test_rdp.TestRdpApplicationTests
19:56:06.705 [main] INFO org.springframework.boot.devtools.restart.RestartApplicationListener -- Restart disabled due to context in which it is running

  .   ____          _            __ _ _
 /\\ / ___'_ __ _ _(_)_ __  __ _ \ \ \ \
( ( )\___ | '_ | '_| | '_ \/ _` | \ \ \ \
 \\/  ___)| |_)| | | | | || (_| |  ) ) ) )
  '  |____| .__|_| |_|_| |_\__, | / / / /
 =========|_|==============|___/=/_/_/_/
 :: Spring Boot ::                (v3.2.2)

2024-02-26T19:56:07.250+07:00  INFO 15112 --- [           main] c.p.test_rdp.TestRdpApplicationTests     : Starting TestRdpApplicationTests using Java 17.0.8.1 with PID 15112 (started by muham in C:\Users\muham\Documents\Project\test_rdp)
2024-02-26T19:56:07.254+07:00  INFO 15112 --- [           main] c.p.test_rdp.TestRdpApplicationTests     : No active profile set, falling back to 1 default profile: "default"
2024-02-26T19:56:11.652+07:00  INFO 15112 --- [           main] c.p.test_rdp.TestRdpApplicationTests     : Started TestRdpApplicationTests in 4.979 seconds (process running for 7.774)
false
]]></system-out>
  </testcase>
</testsuite>